<?xml version="1.0" encoding="UTF-8"?>
<testsuite name="com.brevitaz.bigginsight.BigginsightRestApplicationTests" tests="1" skipped="0" failures="0" errors="0" timestamp="2016-02-27T13:57:35" hostname="localhost" time="0.001">
  <properties/>
  <testcase name="contextLoads" classname="com.brevitaz.bigginsight.BigginsightRestApplicationTests" time="0.001"/>
  <system-out><![CDATA[19:27:34.513 [Test worker] DEBUG o.s.t.c.j.SpringJUnit4ClassRunner - SpringJUnit4ClassRunner constructor called with [class com.brevitaz.bigginsight.BigginsightRestApplicationTests]
19:27:34.518 [Test worker] DEBUG o.s.test.context.BootstrapUtils - Instantiating CacheAwareContextLoaderDelegate from class [org.springframework.test.context.cache.DefaultCacheAwareContextLoaderDelegate]
19:27:34.522 [Test worker] DEBUG o.s.test.context.BootstrapUtils - Instantiating BootstrapContext using constructor [public org.springframework.test.context.support.DefaultBootstrapContext(java.lang.Class,org.springframework.test.context.CacheAwareContextLoaderDelegate)]
19:27:34.532 [Test worker] DEBUG o.s.test.context.BootstrapUtils - Instantiating TestContextBootstrapper for test class [com.brevitaz.bigginsight.BigginsightRestApplicationTests] from class [org.springframework.test.context.web.WebTestContextBootstrapper]
19:27:34.548 [Test worker] DEBUG o.s.t.c.w.WebTestContextBootstrapper - Found explicit ContextLoader class [org.springframework.boot.test.SpringApplicationContextLoader] for context configuration attributes [ContextConfigurationAttributes@3d0ec0eb declaringClass = 'com.brevitaz.bigginsight.BigginsightRestApplicationTests', classes = '{class com.brevitaz.bigginsight.BigginsightRestApplicationTests}', locations = '{}', inheritLocations = true, initializers = '{}', inheritInitializers = true, name = [null], contextLoaderClass = 'org.springframework.boot.test.SpringApplicationContextLoader']
19:27:34.554 [Test worker] DEBUG o.s.t.c.s.AbstractContextLoader - Did not detect default resource location for test class [com.brevitaz.bigginsight.BigginsightRestApplicationTests]: class path resource [com/brevitaz/bigginsight/BigginsightRestApplicationTests-context.xml] does not exist
19:27:34.554 [Test worker] DEBUG o.s.t.c.s.AbstractContextLoader - Did not detect default resource location for test class [com.brevitaz.bigginsight.BigginsightRestApplicationTests]: class path resource [com/brevitaz/bigginsight/BigginsightRestApplicationTestsContext.groovy] does not exist
19:27:34.554 [Test worker] INFO  o.s.t.c.s.AbstractContextLoader - Could not detect default resource locations for test class [com.brevitaz.bigginsight.BigginsightRestApplicationTests]: no resource found for suffixes {-context.xml, Context.groovy}.
19:27:34.556 [Test worker] DEBUG o.s.t.c.support.ActiveProfilesUtils - Could not find an 'annotation declaring class' for annotation type [org.springframework.test.context.ActiveProfiles] and class [com.brevitaz.bigginsight.BigginsightRestApplicationTests]
19:27:34.565 [Test worker] DEBUG o.s.t.c.w.WebTestContextBootstrapper - @TestExecutionListeners is not present for class [com.brevitaz.bigginsight.BigginsightRestApplicationTests]: using defaults.
19:27:34.571 [Test worker] INFO  o.s.t.c.w.WebTestContextBootstrapper - Loaded default TestExecutionListener class names from location [META-INF/spring.factories]: [org.springframework.test.context.web.ServletTestExecutionListener, org.springframework.test.context.support.DirtiesContextBeforeModesTestExecutionListener, org.springframework.test.context.support.DependencyInjectionTestExecutionListener, org.springframework.test.context.support.DirtiesContextTestExecutionListener, org.springframework.test.context.transaction.TransactionalTestExecutionListener, org.springframework.test.context.jdbc.SqlScriptsTestExecutionListener]
19:27:34.577 [Test worker] INFO  o.s.t.c.w.WebTestContextBootstrapper - Could not instantiate TestExecutionListener [org.springframework.test.context.jdbc.SqlScriptsTestExecutionListener]. Specify custom listener classes or make the default listener classes (and their required dependencies) available. Offending class: [org/springframework/transaction/interceptor/TransactionAttribute]
19:27:34.577 [Test worker] INFO  o.s.t.c.w.WebTestContextBootstrapper - Could not instantiate TestExecutionListener [org.springframework.test.context.transaction.TransactionalTestExecutionListener]. Specify custom listener classes or make the default listener classes (and their required dependencies) available. Offending class: [org/springframework/transaction/interceptor/TransactionAttributeSource]
19:27:34.578 [Test worker] INFO  o.s.t.c.w.WebTestContextBootstrapper - Using TestExecutionListeners: [org.springframework.test.context.web.ServletTestExecutionListener@29019e17, org.springframework.test.context.support.DirtiesContextBeforeModesTestExecutionListener@84407ce, org.springframework.test.context.support.DependencyInjectionTestExecutionListener@5008b0d4, org.springframework.test.context.support.DirtiesContextTestExecutionListener@29df9191]
19:27:34.580 [Test worker] DEBUG o.s.t.annotation.ProfileValueUtils - Retrieved @ProfileValueSourceConfiguration [null] for test class [com.brevitaz.bigginsight.BigginsightRestApplicationTests]
19:27:34.581 [Test worker] DEBUG o.s.t.annotation.ProfileValueUtils - Retrieved ProfileValueSource type [class org.springframework.test.annotation.SystemProfileValueSource] for class [com.brevitaz.bigginsight.BigginsightRestApplicationTests]
19:27:34.581 [Test worker] DEBUG o.s.t.annotation.ProfileValueUtils - Retrieved @ProfileValueSourceConfiguration [null] for test class [com.brevitaz.bigginsight.BigginsightRestApplicationTests]
19:27:34.581 [Test worker] DEBUG o.s.t.annotation.ProfileValueUtils - Retrieved ProfileValueSource type [class org.springframework.test.annotation.SystemProfileValueSource] for class [com.brevitaz.bigginsight.BigginsightRestApplicationTests]
19:27:34.584 [Test worker] DEBUG o.s.t.c.s.AbstractDirtiesContextTestExecutionListener - Before test class: context [DefaultTestContext@9cfe731 testClass = BigginsightRestApplicationTests, testInstance = [null], testMethod = [null], testException = [null], mergedContextConfiguration = [WebMergedContextConfiguration@2d511ef testClass = BigginsightRestApplicationTests, locations = '{}', classes = '{class com.brevitaz.bigginsight.BigginsightRestApplicationTests}', contextInitializerClasses = '[]', activeProfiles = '{}', propertySourceLocations = '{}', propertySourceProperties = '{}', resourceBasePath = 'src/main/webapp', contextLoader = 'org.springframework.boot.test.SpringApplicationContextLoader', parent = [null]]], class annotated with @DirtiesContext [false] with mode [null].
19:27:34.584 [Test worker] DEBUG o.s.t.annotation.ProfileValueUtils - Retrieved @ProfileValueSourceConfiguration [null] for test class [com.brevitaz.bigginsight.BigginsightRestApplicationTests]
19:27:34.584 [Test worker] DEBUG o.s.t.annotation.ProfileValueUtils - Retrieved ProfileValueSource type [class org.springframework.test.annotation.SystemProfileValueSource] for class [com.brevitaz.bigginsight.BigginsightRestApplicationTests]
19:27:34.635 [Test worker] DEBUG o.s.core.env.StandardEnvironment - Adding [systemProperties] PropertySource with lowest search precedence
19:27:34.636 [Test worker] DEBUG o.s.core.env.StandardEnvironment - Adding [systemEnvironment] PropertySource with lowest search precedence
19:27:34.636 [Test worker] DEBUG o.s.core.env.StandardEnvironment - Initialized StandardEnvironment with PropertySources [systemProperties,systemEnvironment]
19:27:34.637 [Test worker] DEBUG o.s.core.env.StandardEnvironment - Adding [integrationTest] PropertySource with search precedence immediately lower than [systemEnvironment]

  .   ____          _            __ _ _
 /\\ / ___'_ __ _ _(_)_ __  __ _ \ \ \ \
( ( )\___ | '_ | '_| | '_ \/ _` | \ \ \ \
 \\/  ___)| |_)| | | | | || (_| |  ) ) ) )
  '  |____| .__|_| |_|_| |_\__, | / / / /
 =========|_|==============|___/=/_/_/_/
 :: Spring Boot ::        (v1.3.2.RELEASE)

2016-02-27 19:27:34.837  INFO 27842 --- [    Test worker] c.b.b.BigginsightRestApplicationTests    : Starting BigginsightRestApplicationTests on localhost with PID 27842 (/Users/pranavshukla/workspace/brevitaz-bigdata-samples/springboot-scala-seed/build/classes/test started by pranavshukla in /Users/pranavshukla/workspace/brevitaz-bigdata-samples/springboot-scala-seed)
2016-02-27 19:27:34.838  INFO 27842 --- [    Test worker] c.b.b.BigginsightRestApplicationTests    : No active profile set, falling back to default profiles: default
2016-02-27 19:27:34.887  INFO 27842 --- [    Test worker] o.s.w.c.s.GenericWebApplicationContext   : Refreshing org.springframework.web.context.support.GenericWebApplicationContext@65cf6ada: startup date [Sat Feb 27 19:27:34 IST 2016]; root of context hierarchy
2016-02-27 19:27:35.128  INFO 27842 --- [    Test worker] c.b.b.BigginsightRestApplicationTests    : Started BigginsightRestApplicationTests in 0.485 seconds (JVM running for 1.273)
]]></system-out>
  <system-err><![CDATA[]]></system-err>
</testsuite>
