<?xml version="1.0" encoding="UTF-8"?>
<testsuite name="com.brevitaz.bigginsight.SimpleTestSpec" tests="1" skipped="0" failures="0" errors="0" timestamp="2016-02-27T13:57:35" hostname="localhost" time="0.014">
  <properties/>
  <testcase name="this method should behave" classname="com.brevitaz.bigginsight.SimpleTestSpec" time="0.014"/>
  <system-out><![CDATA[]]></system-out>
  <system-err><![CDATA[]]></system-err>
</testsuite>
